[debug] [2020-12-13T03:02:30.836Z] ----------------------------------------------------------------------
[debug] [2020-12-13T03:02:30.838Z] Command:       /usr/local/bin/node /usr/local/bin/firebase serve --only functions
[debug] [2020-12-13T03:02:30.839Z] CLI Version:   8.19.0
[debug] [2020-12-13T03:02:30.839Z] Platform:      darwin
[debug] [2020-12-13T03:02:30.839Z] Node Version:  v12.18.3
[debug] [2020-12-13T03:02:30.840Z] Time:          Sat Dec 12 2020 22:02:30 GMT-0500 (Eastern Standard Time)
[debug] [2020-12-13T03:02:30.840Z] ----------------------------------------------------------------------
[debug] [2020-12-13T03:02:30.840Z] 
[debug] [2020-12-13T03:02:30.848Z] > command requires scopes: ["email","openid","https://www.googleapis.com/auth/cloudplatformprojects.readonly","https://www.googleapis.com/auth/firebase","https://www.googleapis.com/auth/cloud-platform"]
[debug] [2020-12-13T03:02:30.849Z] > authorizing via signed-in user
[debug] [2020-12-13T03:02:30.849Z] [iam] checking project genuine-connections-a4e91 for permissions ["firebase.projects.get"]
[debug] [2020-12-13T03:02:30.851Z] >>> HTTP REQUEST POST https://cloudresourcemanager.googleapis.com/v1/projects/genuine-connections-a4e91:testIamPermissions  
 {"permissions":["firebase.projects.get"]}
[debug] [2020-12-13T03:02:31.166Z] <<< HTTP RESPONSE 200 {"content-type":"application/json; charset=UTF-8","vary":"X-Origin, Referer, Origin,Accept-Encoding","date":"Sun, 13 Dec 2020 03:02:31 GMT","server":"ESF","cache-control":"private","x-xss-protection":"0","x-frame-options":"SAMEORIGIN","x-content-type-options":"nosniff","server-timing":"gfet4t7; dur=135","alt-svc":"h3-29=\":443\"; ma=2592000,h3-T051=\":443\"; ma=2592000,h3-Q050=\":443\"; ma=2592000,h3-Q046=\":443\"; ma=2592000,h3-Q043=\":443\"; ma=2592000,quic=\":443\"; ma=2592000; v=\"46,43\"","accept-ranges":"none","transfer-encoding":"chunked"}
[debug] [2020-12-13T03:02:31.168Z] >>> HTTP REQUEST GET https://firebase.googleapis.com/v1beta1/projects/genuine-connections-a4e91  
 
[debug] [2020-12-13T03:02:31.461Z] <<< HTTP RESPONSE 200 {"content-type":"application/json; charset=UTF-8","vary":"X-Origin, Referer, Origin,Accept-Encoding","date":"Sun, 13 Dec 2020 03:02:31 GMT","server":"ESF","cache-control":"private","x-xss-protection":"0","x-frame-options":"SAMEORIGIN","x-content-type-options":"nosniff","alt-svc":"h3-29=\":443\"; ma=2592000,h3-T051=\":443\"; ma=2592000,h3-Q050=\":443\"; ma=2592000,h3-Q046=\":443\"; ma=2592000,h3-Q043=\":443\"; ma=2592000,quic=\":443\"; ma=2592000; v=\"46,43\"","accept-ranges":"none","transfer-encoding":"chunked"}
[info] ✔  functions: Using node@12 from host. {"metadata":{"emulator":{"name":"functions"},"message":"Using node@12 from host."}}
[debug] [2020-12-13T03:02:31.485Z] defaultcredentials: writing to file /Users/abhayvincent/.config/firebase/abhaykvincent_gmail_com_application_default_credentials.json
[debug] [2020-12-13T03:02:31.487Z] Setting GAC to /Users/abhayvincent/.config/firebase/abhaykvincent_gmail_com_application_default_credentials.json {"metadata":{"emulator":{"name":"functions"},"message":"Setting GAC to /Users/abhayvincent/.config/firebase/abhaykvincent_gmail_com_application_default_credentials.json"}}
[info] i  functions: Watching "/Abhay's Drive/WEB/Apps/genuine-connections/functions" for Cloud Functions... {"metadata":{"emulator":{"name":"functions"},"message":"Watching \"/Abhay's Drive/WEB/Apps/genuine-connections/functions\" for Cloud Functions..."}}
[debug] [2020-12-13T03:02:31.523Z] [worker-pool] addWorker(~diagnostic~) {"metadata":{"emulator":{"name":"functions"},"message":"[worker-pool] addWorker(~diagnostic~)"}}
[debug] [2020-12-13T03:02:31.523Z] [worker-pool] Adding worker with key ~diagnostic~, total=1 {"metadata":{"emulator":{"name":"functions"},"message":"[worker-pool] Adding worker with key ~diagnostic~, total=1"}}
[debug] [2020-12-13T03:02:31.523Z] [worker-pool] submitWork(triggerId=) {"metadata":{"emulator":{"name":"functions"},"message":"[worker-pool] submitWork(triggerId=)"}}
[debug] [2020-12-13T03:02:31.524Z] [worker-~diagnostic~-e85705ff-6e41-4950-9365-92783029c373]: Assigning socketPath: /var/folders/sv/95v9zv1d3yxd0s2pshwvh2r80000gn/T/fire_emu_63869.sock {"metadata":{"emulator":{"name":"functions"},"message":"[worker-~diagnostic~-e85705ff-6e41-4950-9365-92783029c373]: Assigning socketPath: /var/folders/sv/95v9zv1d3yxd0s2pshwvh2r80000gn/T/fire_emu_63869.sock"}}
[debug] [2020-12-13T03:02:31.524Z] [worker-~diagnostic~-e85705ff-6e41-4950-9365-92783029c373]: BUSY {"metadata":{"emulator":{"name":"functions"},"message":"[worker-~diagnostic~-e85705ff-6e41-4950-9365-92783029c373]: BUSY"}}
[debug] [2020-12-13T03:02:31.642Z] [runtime-status] [63869] Functions runtime initialized. {"cwd":"/Abhay's Drive/WEB/Apps/genuine-connections/functions","node_version":"12.18.3"} {"metadata":{"emulator":{"name":"functions"},"message":"[runtime-status] [63869] Functions runtime initialized. {\"cwd\":\"/Abhay's Drive/WEB/Apps/genuine-connections/functions\",\"node_version\":\"12.18.3\"}"}}
[debug] [2020-12-13T03:02:31.643Z] [runtime-status] [63869] Disabled runtime features: undefined {"metadata":{"emulator":{"name":"functions"},"message":"[runtime-status] [63869] Disabled runtime features: undefined"}}
[debug] [2020-12-13T03:02:31.646Z] [runtime-status] [63869] Resolved module firebase-admin {"declared":true,"installed":true,"version":"9.4.2","resolution":"/Abhay's Drive/WEB/Apps/genuine-connections/functions/node_modules/firebase-admin/lib/index.js"} {"metadata":{"emulator":{"name":"functions"},"message":"[runtime-status] [63869] Resolved module firebase-admin {\"declared\":true,\"installed\":true,\"version\":\"9.4.2\",\"resolution\":\"/Abhay's Drive/WEB/Apps/genuine-connections/functions/node_modules/firebase-admin/lib/index.js\"}"}}
[debug] [2020-12-13T03:02:31.648Z] [runtime-status] [63869] Resolved module firebase-functions {"declared":true,"installed":true,"version":"3.13.0","resolution":"/Abhay's Drive/WEB/Apps/genuine-connections/functions/node_modules/firebase-functions/lib/index.js"} {"metadata":{"emulator":{"name":"functions"},"message":"[runtime-status] [63869] Resolved module firebase-functions {\"declared\":true,\"installed\":true,\"version\":\"3.13.0\",\"resolution\":\"/Abhay's Drive/WEB/Apps/genuine-connections/functions/node_modules/firebase-functions/lib/index.js\"}"}}
[debug] [2020-12-13T03:02:31.649Z] [runtime-status] [63869] Resolved module firebase-functions {"declared":true,"installed":true,"version":"3.13.0","resolution":"/Abhay's Drive/WEB/Apps/genuine-connections/functions/node_modules/firebase-functions/lib/index.js"} {"metadata":{"emulator":{"name":"functions"},"message":"[runtime-status] [63869] Resolved module firebase-functions {\"declared\":true,\"installed\":true,\"version\":\"3.13.0\",\"resolution\":\"/Abhay's Drive/WEB/Apps/genuine-connections/functions/node_modules/firebase-functions/lib/index.js\"}"}}
[debug] [2020-12-13T03:02:31.650Z] [runtime-status] [63869] Outgoing network have been stubbed. [{"name":"http","status":"mocked"},{"name":"http","status":"mocked"},{"name":"https","status":"mocked"},{"name":"https","status":"mocked"},{"name":"net","status":"mocked"}] {"metadata":{"emulator":{"name":"functions"},"message":"[runtime-status] [63869] Outgoing network have been stubbed. [{\"name\":\"http\",\"status\":\"mocked\"},{\"name\":\"http\",\"status\":\"mocked\"},{\"name\":\"https\",\"status\":\"mocked\"},{\"name\":\"https\",\"status\":\"mocked\"},{\"name\":\"net\",\"status\":\"mocked\"}]"}}
[debug] [2020-12-13T03:02:31.651Z] [runtime-status] [63869] Resolved module firebase-functions {"declared":true,"installed":true,"version":"3.13.0","resolution":"/Abhay's Drive/WEB/Apps/genuine-connections/functions/node_modules/firebase-functions/lib/index.js"} {"metadata":{"emulator":{"name":"functions"},"message":"[runtime-status] [63869] Resolved module firebase-functions {\"declared\":true,\"installed\":true,\"version\":\"3.13.0\",\"resolution\":\"/Abhay's Drive/WEB/Apps/genuine-connections/functions/node_modules/firebase-functions/lib/index.js\"}"}}
[debug] [2020-12-13T03:02:31.706Z] [runtime-status] [63869] Checked functions.config() {"config":{}} {"metadata":{"emulator":{"name":"functions"},"message":"[runtime-status] [63869] Checked functions.config() {\"config\":{}}"}}
[debug] [2020-12-13T03:02:31.706Z] [runtime-status] [63869] firebase-functions has been stubbed. {"functionsResolution":{"declared":true,"installed":true,"version":"3.13.0","resolution":"/Abhay's Drive/WEB/Apps/genuine-connections/functions/node_modules/firebase-functions/lib/index.js"}} {"metadata":{"emulator":{"name":"functions"},"message":"[runtime-status] [63869] firebase-functions has been stubbed. {\"functionsResolution\":{\"declared\":true,\"installed\":true,\"version\":\"3.13.0\",\"resolution\":\"/Abhay's Drive/WEB/Apps/genuine-connections/functions/node_modules/firebase-functions/lib/index.js\"}}"}}
[debug] [2020-12-13T03:02:31.706Z] [runtime-status] [63869] Resolved module firebase-functions {"declared":true,"installed":true,"version":"3.13.0","resolution":"/Abhay's Drive/WEB/Apps/genuine-connections/functions/node_modules/firebase-functions/lib/index.js"} {"metadata":{"emulator":{"name":"functions"},"message":"[runtime-status] [63869] Resolved module firebase-functions {\"declared\":true,\"installed\":true,\"version\":\"3.13.0\",\"resolution\":\"/Abhay's Drive/WEB/Apps/genuine-connections/functions/node_modules/firebase-functions/lib/index.js\"}"}}
[debug] [2020-12-13T03:02:31.707Z] [runtime-status] [63869] Resolved module firebase-admin {"declared":true,"installed":true,"version":"9.4.2","resolution":"/Abhay's Drive/WEB/Apps/genuine-connections/functions/node_modules/firebase-admin/lib/index.js"} {"metadata":{"emulator":{"name":"functions"},"message":"[runtime-status] [63869] Resolved module firebase-admin {\"declared\":true,\"installed\":true,\"version\":\"9.4.2\",\"resolution\":\"/Abhay's Drive/WEB/Apps/genuine-connections/functions/node_modules/firebase-admin/lib/index.js\"}"}}
[debug] [2020-12-13T03:02:31.707Z] [runtime-status] [63869] Resolved module firebase-functions {"declared":true,"installed":true,"version":"3.13.0","resolution":"/Abhay's Drive/WEB/Apps/genuine-connections/functions/node_modules/firebase-functions/lib/index.js"} {"metadata":{"emulator":{"name":"functions"},"message":"[runtime-status] [63869] Resolved module firebase-functions {\"declared\":true,\"installed\":true,\"version\":\"3.13.0\",\"resolution\":\"/Abhay's Drive/WEB/Apps/genuine-connections/functions/node_modules/firebase-functions/lib/index.js\"}"}}
[debug] [2020-12-13T03:02:31.708Z] [runtime-status] [63869] firebase-admin has been stubbed. {"adminResolution":{"declared":true,"installed":true,"version":"9.4.2","resolution":"/Abhay's Drive/WEB/Apps/genuine-connections/functions/node_modules/firebase-admin/lib/index.js"}} {"metadata":{"emulator":{"name":"functions"},"message":"[runtime-status] [63869] firebase-admin has been stubbed. {\"adminResolution\":{\"declared\":true,\"installed\":true,\"version\":\"9.4.2\",\"resolution\":\"/Abhay's Drive/WEB/Apps/genuine-connections/functions/node_modules/firebase-admin/lib/index.js\"}}"}}
[debug] [2020-12-13T03:02:31.824Z] [worker-~diagnostic~-e85705ff-6e41-4950-9365-92783029c373]: IDLE {"metadata":{"emulator":{"name":"functions"},"message":"[worker-~diagnostic~-e85705ff-6e41-4950-9365-92783029c373]: IDLE"}}
[debug] [2020-12-13T03:02:43.824Z] ----------------------------------------------------------------------
[debug] [2020-12-13T03:02:43.826Z] Command:       /usr/local/bin/node /usr/local/bin/firebase serve --only functions
[debug] [2020-12-13T03:02:43.827Z] CLI Version:   8.19.0
[debug] [2020-12-13T03:02:43.827Z] Platform:      darwin
[debug] [2020-12-13T03:02:43.827Z] Node Version:  v12.18.3
[debug] [2020-12-13T03:02:43.828Z] Time:          Sat Dec 12 2020 22:02:43 GMT-0500 (Eastern Standard Time)
[debug] [2020-12-13T03:02:43.828Z] ----------------------------------------------------------------------
[debug] [2020-12-13T03:02:43.828Z] 
[debug] [2020-12-13T03:02:43.835Z] > command requires scopes: ["email","openid","https://www.googleapis.com/auth/cloudplatformprojects.readonly","https://www.googleapis.com/auth/firebase","https://www.googleapis.com/auth/cloud-platform"]
[debug] [2020-12-13T03:02:43.835Z] > authorizing via signed-in user
[debug] [2020-12-13T03:02:43.836Z] [iam] checking project genuine-connections-a4e91 for permissions ["firebase.projects.get"]
[debug] [2020-12-13T03:02:43.838Z] >>> HTTP REQUEST POST https://cloudresourcemanager.googleapis.com/v1/projects/genuine-connections-a4e91:testIamPermissions  
 {"permissions":["firebase.projects.get"]}
[debug] [2020-12-13T03:02:44.136Z] <<< HTTP RESPONSE 200 {"content-type":"application/json; charset=UTF-8","vary":"X-Origin, Referer, Origin,Accept-Encoding","date":"Sun, 13 Dec 2020 03:02:44 GMT","server":"ESF","cache-control":"private","x-xss-protection":"0","x-frame-options":"SAMEORIGIN","x-content-type-options":"nosniff","server-timing":"gfet4t7; dur=128","alt-svc":"h3-29=\":443\"; ma=2592000,h3-T051=\":443\"; ma=2592000,h3-Q050=\":443\"; ma=2592000,h3-Q046=\":443\"; ma=2592000,h3-Q043=\":443\"; ma=2592000,quic=\":443\"; ma=2592000; v=\"46,43\"","accept-ranges":"none","transfer-encoding":"chunked"}
[debug] [2020-12-13T03:02:44.138Z] >>> HTTP REQUEST GET https://firebase.googleapis.com/v1beta1/projects/genuine-connections-a4e91  
 
[debug] [2020-12-13T03:02:44.442Z] <<< HTTP RESPONSE 200 {"content-type":"application/json; charset=UTF-8","vary":"X-Origin, Referer, Origin,Accept-Encoding","date":"Sun, 13 Dec 2020 03:02:44 GMT","server":"ESF","cache-control":"private","x-xss-protection":"0","x-frame-options":"SAMEORIGIN","x-content-type-options":"nosniff","alt-svc":"h3-29=\":443\"; ma=2592000,h3-T051=\":443\"; ma=2592000,h3-Q050=\":443\"; ma=2592000,h3-Q046=\":443\"; ma=2592000,h3-Q043=\":443\"; ma=2592000,quic=\":443\"; ma=2592000; v=\"46,43\"","accept-ranges":"none","transfer-encoding":"chunked"}
[info] ✔  functions: Using node@12 from host. {"metadata":{"emulator":{"name":"functions"},"message":"Using node@12 from host."}}
[debug] [2020-12-13T03:02:44.458Z] defaultcredentials: writing to file /Users/abhayvincent/.config/firebase/abhaykvincent_gmail_com_application_default_credentials.json
[debug] [2020-12-13T03:02:44.459Z] Setting GAC to /Users/abhayvincent/.config/firebase/abhaykvincent_gmail_com_application_default_credentials.json {"metadata":{"emulator":{"name":"functions"},"message":"Setting GAC to /Users/abhayvincent/.config/firebase/abhaykvincent_gmail_com_application_default_credentials.json"}}
[info] i  functions: Watching "/Abhay's Drive/WEB/Apps/genuine-connections/functions" for Cloud Functions... {"metadata":{"emulator":{"name":"functions"},"message":"Watching \"/Abhay's Drive/WEB/Apps/genuine-connections/functions\" for Cloud Functions..."}}
[debug] [2020-12-13T03:02:44.739Z] [worker-pool] addWorker(~diagnostic~) {"metadata":{"emulator":{"name":"functions"},"message":"[worker-pool] addWorker(~diagnostic~)"}}
[debug] [2020-12-13T03:02:44.739Z] [worker-pool] Adding worker with key ~diagnostic~, total=1 {"metadata":{"emulator":{"name":"functions"},"message":"[worker-pool] Adding worker with key ~diagnostic~, total=1"}}
[debug] [2020-12-13T03:02:44.739Z] [worker-pool] submitWork(triggerId=) {"metadata":{"emulator":{"name":"functions"},"message":"[worker-pool] submitWork(triggerId=)"}}
[debug] [2020-12-13T03:02:44.740Z] [worker-~diagnostic~-2ae60627-7f48-46a9-afc5-7dcee047a8d3]: Assigning socketPath: /var/folders/sv/95v9zv1d3yxd0s2pshwvh2r80000gn/T/fire_emu_63892.sock {"metadata":{"emulator":{"name":"functions"},"message":"[worker-~diagnostic~-2ae60627-7f48-46a9-afc5-7dcee047a8d3]: Assigning socketPath: /var/folders/sv/95v9zv1d3yxd0s2pshwvh2r80000gn/T/fire_emu_63892.sock"}}
[debug] [2020-12-13T03:02:44.740Z] [worker-~diagnostic~-2ae60627-7f48-46a9-afc5-7dcee047a8d3]: BUSY {"metadata":{"emulator":{"name":"functions"},"message":"[worker-~diagnostic~-2ae60627-7f48-46a9-afc5-7dcee047a8d3]: BUSY"}}
[debug] [2020-12-13T03:02:44.860Z] [runtime-status] [63892] Functions runtime initialized. {"cwd":"/Abhay's Drive/WEB/Apps/genuine-connections/functions","node_version":"12.18.3"} {"metadata":{"emulator":{"name":"functions"},"message":"[runtime-status] [63892] Functions runtime initialized. {\"cwd\":\"/Abhay's Drive/WEB/Apps/genuine-connections/functions\",\"node_version\":\"12.18.3\"}"}}
[debug] [2020-12-13T03:02:44.861Z] [runtime-status] [63892] Disabled runtime features: undefined {"metadata":{"emulator":{"name":"functions"},"message":"[runtime-status] [63892] Disabled runtime features: undefined"}}
[debug] [2020-12-13T03:02:44.862Z] [runtime-status] [63892] Resolved module firebase-admin {"declared":true,"installed":true,"version":"9.4.2","resolution":"/Abhay's Drive/WEB/Apps/genuine-connections/functions/node_modules/firebase-admin/lib/index.js"} {"metadata":{"emulator":{"name":"functions"},"message":"[runtime-status] [63892] Resolved module firebase-admin {\"declared\":true,\"installed\":true,\"version\":\"9.4.2\",\"resolution\":\"/Abhay's Drive/WEB/Apps/genuine-connections/functions/node_modules/firebase-admin/lib/index.js\"}"}}
[debug] [2020-12-13T03:02:44.864Z] [runtime-status] [63892] Resolved module firebase-functions {"declared":true,"installed":true,"version":"3.13.0","resolution":"/Abhay's Drive/WEB/Apps/genuine-connections/functions/node_modules/firebase-functions/lib/index.js"} {"metadata":{"emulator":{"name":"functions"},"message":"[runtime-status] [63892] Resolved module firebase-functions {\"declared\":true,\"installed\":true,\"version\":\"3.13.0\",\"resolution\":\"/Abhay's Drive/WEB/Apps/genuine-connections/functions/node_modules/firebase-functions/lib/index.js\"}"}}
[debug] [2020-12-13T03:02:44.865Z] [runtime-status] [63892] Resolved module firebase-functions {"declared":true,"installed":true,"version":"3.13.0","resolution":"/Abhay's Drive/WEB/Apps/genuine-connections/functions/node_modules/firebase-functions/lib/index.js"} {"metadata":{"emulator":{"name":"functions"},"message":"[runtime-status] [63892] Resolved module firebase-functions {\"declared\":true,\"installed\":true,\"version\":\"3.13.0\",\"resolution\":\"/Abhay's Drive/WEB/Apps/genuine-connections/functions/node_modules/firebase-functions/lib/index.js\"}"}}
[debug] [2020-12-13T03:02:44.866Z] [runtime-status] [63892] Outgoing network have been stubbed. [{"name":"http","status":"mocked"},{"name":"http","status":"mocked"},{"name":"https","status":"mocked"},{"name":"https","status":"mocked"},{"name":"net","status":"mocked"}] {"metadata":{"emulator":{"name":"functions"},"message":"[runtime-status] [63892] Outgoing network have been stubbed. [{\"name\":\"http\",\"status\":\"mocked\"},{\"name\":\"http\",\"status\":\"mocked\"},{\"name\":\"https\",\"status\":\"mocked\"},{\"name\":\"https\",\"status\":\"mocked\"},{\"name\":\"net\",\"status\":\"mocked\"}]"}}
[debug] [2020-12-13T03:02:44.867Z] [runtime-status] [63892] Resolved module firebase-functions {"declared":true,"installed":true,"version":"3.13.0","resolution":"/Abhay's Drive/WEB/Apps/genuine-connections/functions/node_modules/firebase-functions/lib/index.js"} {"metadata":{"emulator":{"name":"functions"},"message":"[runtime-status] [63892] Resolved module firebase-functions {\"declared\":true,\"installed\":true,\"version\":\"3.13.0\",\"resolution\":\"/Abhay's Drive/WEB/Apps/genuine-connections/functions/node_modules/firebase-functions/lib/index.js\"}"}}
[debug] [2020-12-13T03:02:44.924Z] [runtime-status] [63892] Checked functions.config() {"config":{}} {"metadata":{"emulator":{"name":"functions"},"message":"[runtime-status] [63892] Checked functions.config() {\"config\":{}}"}}
[debug] [2020-12-13T03:02:44.925Z] [runtime-status] [63892] firebase-functions has been stubbed. {"functionsResolution":{"declared":true,"installed":true,"version":"3.13.0","resolution":"/Abhay's Drive/WEB/Apps/genuine-connections/functions/node_modules/firebase-functions/lib/index.js"}} {"metadata":{"emulator":{"name":"functions"},"message":"[runtime-status] [63892] firebase-functions has been stubbed. {\"functionsResolution\":{\"declared\":true,\"installed\":true,\"version\":\"3.13.0\",\"resolution\":\"/Abhay's Drive/WEB/Apps/genuine-connections/functions/node_modules/firebase-functions/lib/index.js\"}}"}}
[debug] [2020-12-13T03:02:44.925Z] [runtime-status] [63892] Resolved module firebase-functions {"declared":true,"installed":true,"version":"3.13.0","resolution":"/Abhay's Drive/WEB/Apps/genuine-connections/functions/node_modules/firebase-functions/lib/index.js"} {"metadata":{"emulator":{"name":"functions"},"message":"[runtime-status] [63892] Resolved module firebase-functions {\"declared\":true,\"installed\":true,\"version\":\"3.13.0\",\"resolution\":\"/Abhay's Drive/WEB/Apps/genuine-connections/functions/node_modules/firebase-functions/lib/index.js\"}"}}
[debug] [2020-12-13T03:02:44.926Z] [runtime-status] [63892] Resolved module firebase-admin {"declared":true,"installed":true,"version":"9.4.2","resolution":"/Abhay's Drive/WEB/Apps/genuine-connections/functions/node_modules/firebase-admin/lib/index.js"} {"metadata":{"emulator":{"name":"functions"},"message":"[runtime-status] [63892] Resolved module firebase-admin {\"declared\":true,\"installed\":true,\"version\":\"9.4.2\",\"resolution\":\"/Abhay's Drive/WEB/Apps/genuine-connections/functions/node_modules/firebase-admin/lib/index.js\"}"}}
[debug] [2020-12-13T03:02:44.926Z] [runtime-status] [63892] Resolved module firebase-functions {"declared":true,"installed":true,"version":"3.13.0","resolution":"/Abhay's Drive/WEB/Apps/genuine-connections/functions/node_modules/firebase-functions/lib/index.js"} {"metadata":{"emulator":{"name":"functions"},"message":"[runtime-status] [63892] Resolved module firebase-functions {\"declared\":true,\"installed\":true,\"version\":\"3.13.0\",\"resolution\":\"/Abhay's Drive/WEB/Apps/genuine-connections/functions/node_modules/firebase-functions/lib/index.js\"}"}}
[debug] [2020-12-13T03:02:44.926Z] [runtime-status] [63892] firebase-admin has been stubbed. {"adminResolution":{"declared":true,"installed":true,"version":"9.4.2","resolution":"/Abhay's Drive/WEB/Apps/genuine-connections/functions/node_modules/firebase-admin/lib/index.js"}} {"metadata":{"emulator":{"name":"functions"},"message":"[runtime-status] [63892] firebase-admin has been stubbed. {\"adminResolution\":{\"declared\":true,\"installed\":true,\"version\":\"9.4.2\",\"resolution\":\"/Abhay's Drive/WEB/Apps/genuine-connections/functions/node_modules/firebase-admin/lib/index.js\"}}"}}
[debug] [2020-12-13T03:02:45.012Z] [worker-~diagnostic~-2ae60627-7f48-46a9-afc5-7dcee047a8d3]: IDLE {"metadata":{"emulator":{"name":"functions"},"message":"[worker-~diagnostic~-2ae60627-7f48-46a9-afc5-7dcee047a8d3]: IDLE"}}
[debug] [2020-12-13T03:04:20.669Z] File /Abhay's Drive/WEB/Apps/genuine-connections/functions/package.json changed, reloading triggers {"metadata":{"emulator":{"name":"functions"},"message":"File /Abhay's Drive/WEB/Apps/genuine-connections/functions/package.json changed, reloading triggers"}}
[debug] [2020-12-13T03:04:21.674Z] [worker-pool] Shutting down IDLE worker (~diagnostic~) {"metadata":{"emulator":{"name":"functions"},"message":"[worker-pool] Shutting down IDLE worker (~diagnostic~)"}}
[debug] [2020-12-13T03:04:21.674Z] [worker-~diagnostic~-2ae60627-7f48-46a9-afc5-7dcee047a8d3]: FINISHING {"metadata":{"emulator":{"name":"functions"},"message":"[worker-~diagnostic~-2ae60627-7f48-46a9-afc5-7dcee047a8d3]: FINISHING"}}
[debug] [2020-12-13T03:04:21.685Z] [worker-pool] addWorker(~diagnostic~) {"metadata":{"emulator":{"name":"functions"},"message":"[worker-pool] addWorker(~diagnostic~)"}}
[debug] [2020-12-13T03:04:21.685Z] [worker-pool] Adding worker with key ~diagnostic~, total=2 {"metadata":{"emulator":{"name":"functions"},"message":"[worker-pool] Adding worker with key ~diagnostic~, total=2"}}
[debug] [2020-12-13T03:04:21.686Z] [worker-pool] submitWork(triggerId=) {"metadata":{"emulator":{"name":"functions"},"message":"[worker-pool] submitWork(triggerId=)"}}
[debug] [2020-12-13T03:04:21.686Z] [worker-~diagnostic~-150c97ea-59e1-4837-9ded-5f5987df8639]: Assigning socketPath: /var/folders/sv/95v9zv1d3yxd0s2pshwvh2r80000gn/T/fire_emu_63942.sock {"metadata":{"emulator":{"name":"functions"},"message":"[worker-~diagnostic~-150c97ea-59e1-4837-9ded-5f5987df8639]: Assigning socketPath: /var/folders/sv/95v9zv1d3yxd0s2pshwvh2r80000gn/T/fire_emu_63942.sock"}}
[debug] [2020-12-13T03:04:21.686Z] [worker-~diagnostic~-150c97ea-59e1-4837-9ded-5f5987df8639]: BUSY {"metadata":{"emulator":{"name":"functions"},"message":"[worker-~diagnostic~-150c97ea-59e1-4837-9ded-5f5987df8639]: BUSY"}}
[debug] [2020-12-13T03:04:21.688Z] [worker-~diagnostic~-2ae60627-7f48-46a9-afc5-7dcee047a8d3]: exited {"metadata":{"emulator":{"name":"functions"},"message":"[worker-~diagnostic~-2ae60627-7f48-46a9-afc5-7dcee047a8d3]: exited"}}
[debug] [2020-12-13T03:04:21.688Z] [worker-~diagnostic~-2ae60627-7f48-46a9-afc5-7dcee047a8d3]: FINISHED {"metadata":{"emulator":{"name":"functions"},"message":"[worker-~diagnostic~-2ae60627-7f48-46a9-afc5-7dcee047a8d3]: FINISHED"}}
[debug] [2020-12-13T03:04:21.923Z] [runtime-status] [63942] Functions runtime initialized. {"cwd":"/Abhay's Drive/WEB/Apps/genuine-connections/functions","node_version":"12.18.3"} {"metadata":{"emulator":{"name":"functions"},"message":"[runtime-status] [63942] Functions runtime initialized. {\"cwd\":\"/Abhay's Drive/WEB/Apps/genuine-connections/functions\",\"node_version\":\"12.18.3\"}"}}
[debug] [2020-12-13T03:04:21.925Z] [runtime-status] [63942] Disabled runtime features: undefined {"metadata":{"emulator":{"name":"functions"},"message":"[runtime-status] [63942] Disabled runtime features: undefined"}}
[debug] [2020-12-13T03:04:21.927Z] [runtime-status] [63942] Resolved module firebase-admin {"declared":true,"installed":true,"version":"9.4.2","resolution":"/Abhay's Drive/WEB/Apps/genuine-connections/functions/node_modules/firebase-admin/lib/index.js"} {"metadata":{"emulator":{"name":"functions"},"message":"[runtime-status] [63942] Resolved module firebase-admin {\"declared\":true,\"installed\":true,\"version\":\"9.4.2\",\"resolution\":\"/Abhay's Drive/WEB/Apps/genuine-connections/functions/node_modules/firebase-admin/lib/index.js\"}"}}
[debug] [2020-12-13T03:04:21.929Z] [runtime-status] [63942] Resolved module firebase-functions {"declared":true,"installed":true,"version":"3.13.0","resolution":"/Abhay's Drive/WEB/Apps/genuine-connections/functions/node_modules/firebase-functions/lib/index.js"} {"metadata":{"emulator":{"name":"functions"},"message":"[runtime-status] [63942] Resolved module firebase-functions {\"declared\":true,\"installed\":true,\"version\":\"3.13.0\",\"resolution\":\"/Abhay's Drive/WEB/Apps/genuine-connections/functions/node_modules/firebase-functions/lib/index.js\"}"}}
[debug] [2020-12-13T03:04:21.932Z] [runtime-status] [63942] Resolved module firebase-functions {"declared":true,"installed":true,"version":"3.13.0","resolution":"/Abhay's Drive/WEB/Apps/genuine-connections/functions/node_modules/firebase-functions/lib/index.js"} {"metadata":{"emulator":{"name":"functions"},"message":"[runtime-status] [63942] Resolved module firebase-functions {\"declared\":true,\"installed\":true,\"version\":\"3.13.0\",\"resolution\":\"/Abhay's Drive/WEB/Apps/genuine-connections/functions/node_modules/firebase-functions/lib/index.js\"}"}}
[debug] [2020-12-13T03:04:21.933Z] [runtime-status] [63942] Outgoing network have been stubbed. [{"name":"http","status":"mocked"},{"name":"http","status":"mocked"},{"name":"https","status":"mocked"},{"name":"https","status":"mocked"},{"name":"net","status":"mocked"}] {"metadata":{"emulator":{"name":"functions"},"message":"[runtime-status] [63942] Outgoing network have been stubbed. [{\"name\":\"http\",\"status\":\"mocked\"},{\"name\":\"http\",\"status\":\"mocked\"},{\"name\":\"https\",\"status\":\"mocked\"},{\"name\":\"https\",\"status\":\"mocked\"},{\"name\":\"net\",\"status\":\"mocked\"}]"}}
[debug] [2020-12-13T03:04:21.934Z] [runtime-status] [63942] Resolved module firebase-functions {"declared":true,"installed":true,"version":"3.13.0","resolution":"/Abhay's Drive/WEB/Apps/genuine-connections/functions/node_modules/firebase-functions/lib/index.js"} {"metadata":{"emulator":{"name":"functions"},"message":"[runtime-status] [63942] Resolved module firebase-functions {\"declared\":true,\"installed\":true,\"version\":\"3.13.0\",\"resolution\":\"/Abhay's Drive/WEB/Apps/genuine-connections/functions/node_modules/firebase-functions/lib/index.js\"}"}}
[debug] [2020-12-13T03:04:21.980Z] [runtime-status] [63942] Checked functions.config() {"config":{}} {"metadata":{"emulator":{"name":"functions"},"message":"[runtime-status] [63942] Checked functions.config() {\"config\":{}}"}}
[debug] [2020-12-13T03:04:21.980Z] [runtime-status] [63942] firebase-functions has been stubbed. {"functionsResolution":{"declared":true,"installed":true,"version":"3.13.0","resolution":"/Abhay's Drive/WEB/Apps/genuine-connections/functions/node_modules/firebase-functions/lib/index.js"}} {"metadata":{"emulator":{"name":"functions"},"message":"[runtime-status] [63942] firebase-functions has been stubbed. {\"functionsResolution\":{\"declared\":true,\"installed\":true,\"version\":\"3.13.0\",\"resolution\":\"/Abhay's Drive/WEB/Apps/genuine-connections/functions/node_modules/firebase-functions/lib/index.js\"}}"}}
[debug] [2020-12-13T03:04:21.980Z] [runtime-status] [63942] Resolved module firebase-functions {"declared":true,"installed":true,"version":"3.13.0","resolution":"/Abhay's Drive/WEB/Apps/genuine-connections/functions/node_modules/firebase-functions/lib/index.js"} {"metadata":{"emulator":{"name":"functions"},"message":"[runtime-status] [63942] Resolved module firebase-functions {\"declared\":true,\"installed\":true,\"version\":\"3.13.0\",\"resolution\":\"/Abhay's Drive/WEB/Apps/genuine-connections/functions/node_modules/firebase-functions/lib/index.js\"}"}}
[debug] [2020-12-13T03:04:21.981Z] [runtime-status] [63942] Resolved module firebase-admin {"declared":true,"installed":true,"version":"9.4.2","resolution":"/Abhay's Drive/WEB/Apps/genuine-connections/functions/node_modules/firebase-admin/lib/index.js"} {"metadata":{"emulator":{"name":"functions"},"message":"[runtime-status] [63942] Resolved module firebase-admin {\"declared\":true,\"installed\":true,\"version\":\"9.4.2\",\"resolution\":\"/Abhay's Drive/WEB/Apps/genuine-connections/functions/node_modules/firebase-admin/lib/index.js\"}"}}
[debug] [2020-12-13T03:04:21.981Z] [runtime-status] [63942] Resolved module firebase-functions {"declared":true,"installed":true,"version":"3.13.0","resolution":"/Abhay's Drive/WEB/Apps/genuine-connections/functions/node_modules/firebase-functions/lib/index.js"} {"metadata":{"emulator":{"name":"functions"},"message":"[runtime-status] [63942] Resolved module firebase-functions {\"declared\":true,\"installed\":true,\"version\":\"3.13.0\",\"resolution\":\"/Abhay's Drive/WEB/Apps/genuine-connections/functions/node_modules/firebase-functions/lib/index.js\"}"}}
[debug] [2020-12-13T03:04:21.982Z] [runtime-status] [63942] firebase-admin has been stubbed. {"adminResolution":{"declared":true,"installed":true,"version":"9.4.2","resolution":"/Abhay's Drive/WEB/Apps/genuine-connections/functions/node_modules/firebase-admin/lib/index.js"}} {"metadata":{"emulator":{"name":"functions"},"message":"[runtime-status] [63942] firebase-admin has been stubbed. {\"adminResolution\":{\"declared\":true,\"installed\":true,\"version\":\"9.4.2\",\"resolution\":\"/Abhay's Drive/WEB/Apps/genuine-connections/functions/node_modules/firebase-admin/lib/index.js\"}}"}}
[debug] [2020-12-13T03:04:22.071Z] [worker-~diagnostic~-150c97ea-59e1-4837-9ded-5f5987df8639]: IDLE {"metadata":{"emulator":{"name":"functions"},"message":"[worker-~diagnostic~-150c97ea-59e1-4837-9ded-5f5987df8639]: IDLE"}}
[debug] [2020-12-13T03:04:34.684Z] ----------------------------------------------------------------------
[debug] [2020-12-13T03:04:34.685Z] Command:       /usr/local/bin/node /usr/local/bin/firebase serve --only functions
[debug] [2020-12-13T03:04:34.685Z] CLI Version:   8.19.0
[debug] [2020-12-13T03:04:34.685Z] Platform:      darwin
[debug] [2020-12-13T03:04:34.685Z] Node Version:  v12.18.3
[debug] [2020-12-13T03:04:34.686Z] Time:          Sat Dec 12 2020 22:04:34 GMT-0500 (Eastern Standard Time)
[debug] [2020-12-13T03:04:34.686Z] ----------------------------------------------------------------------
[debug] [2020-12-13T03:04:34.687Z] 
[debug] [2020-12-13T03:04:34.694Z] > command requires scopes: ["email","openid","https://www.googleapis.com/auth/cloudplatformprojects.readonly","https://www.googleapis.com/auth/firebase","https://www.googleapis.com/auth/cloud-platform"]
[debug] [2020-12-13T03:04:34.694Z] > authorizing via signed-in user
[debug] [2020-12-13T03:04:34.694Z] [iam] checking project genuine-connections-a4e91 for permissions ["firebase.projects.get"]
[debug] [2020-12-13T03:04:34.697Z] >>> HTTP REQUEST POST https://cloudresourcemanager.googleapis.com/v1/projects/genuine-connections-a4e91:testIamPermissions  
 {"permissions":["firebase.projects.get"]}
[debug] [2020-12-13T03:04:35.067Z] <<< HTTP RESPONSE 200 {"content-type":"application/json; charset=UTF-8","vary":"X-Origin, Referer, Origin,Accept-Encoding","date":"Sun, 13 Dec 2020 03:04:35 GMT","server":"ESF","cache-control":"private","x-xss-protection":"0","x-frame-options":"SAMEORIGIN","x-content-type-options":"nosniff","server-timing":"gfet4t7; dur=127","alt-svc":"h3-29=\":443\"; ma=2592000,h3-T051=\":443\"; ma=2592000,h3-Q050=\":443\"; ma=2592000,h3-Q046=\":443\"; ma=2592000,h3-Q043=\":443\"; ma=2592000,quic=\":443\"; ma=2592000; v=\"46,43\"","accept-ranges":"none","transfer-encoding":"chunked"}
[debug] [2020-12-13T03:04:35.069Z] >>> HTTP REQUEST GET https://firebase.googleapis.com/v1beta1/projects/genuine-connections-a4e91  
 
[debug] [2020-12-13T03:04:35.363Z] <<< HTTP RESPONSE 200 {"content-type":"application/json; charset=UTF-8","vary":"X-Origin, Referer, Origin,Accept-Encoding","date":"Sun, 13 Dec 2020 03:04:35 GMT","server":"ESF","cache-control":"private","x-xss-protection":"0","x-frame-options":"SAMEORIGIN","x-content-type-options":"nosniff","alt-svc":"h3-29=\":443\"; ma=2592000,h3-T051=\":443\"; ma=2592000,h3-Q050=\":443\"; ma=2592000,h3-Q046=\":443\"; ma=2592000,h3-Q043=\":443\"; ma=2592000,quic=\":443\"; ma=2592000; v=\"46,43\"","accept-ranges":"none","transfer-encoding":"chunked"}
[info] ✔  functions: Using node@12 from host. {"metadata":{"emulator":{"name":"functions"},"message":"Using node@12 from host."}}
[debug] [2020-12-13T03:04:35.379Z] defaultcredentials: writing to file /Users/abhayvincent/.config/firebase/abhaykvincent_gmail_com_application_default_credentials.json
[debug] [2020-12-13T03:04:35.380Z] Setting GAC to /Users/abhayvincent/.config/firebase/abhaykvincent_gmail_com_application_default_credentials.json {"metadata":{"emulator":{"name":"functions"},"message":"Setting GAC to /Users/abhayvincent/.config/firebase/abhaykvincent_gmail_com_application_default_credentials.json"}}
[info] i  functions: Watching "/Abhay's Drive/WEB/Apps/genuine-connections/functions" for Cloud Functions... {"metadata":{"emulator":{"name":"functions"},"message":"Watching \"/Abhay's Drive/WEB/Apps/genuine-connections/functions\" for Cloud Functions..."}}
[debug] [2020-12-13T03:04:35.657Z] [worker-pool] addWorker(~diagnostic~) {"metadata":{"emulator":{"name":"functions"},"message":"[worker-pool] addWorker(~diagnostic~)"}}
[debug] [2020-12-13T03:04:35.657Z] [worker-pool] Adding worker with key ~diagnostic~, total=1 {"metadata":{"emulator":{"name":"functions"},"message":"[worker-pool] Adding worker with key ~diagnostic~, total=1"}}
[debug] [2020-12-13T03:04:35.657Z] [worker-pool] submitWork(triggerId=) {"metadata":{"emulator":{"name":"functions"},"message":"[worker-pool] submitWork(triggerId=)"}}
[debug] [2020-12-13T03:04:35.658Z] [worker-~diagnostic~-d39de90d-5977-40fa-856a-79388cd996be]: Assigning socketPath: /var/folders/sv/95v9zv1d3yxd0s2pshwvh2r80000gn/T/fire_emu_63963.sock {"metadata":{"emulator":{"name":"functions"},"message":"[worker-~diagnostic~-d39de90d-5977-40fa-856a-79388cd996be]: Assigning socketPath: /var/folders/sv/95v9zv1d3yxd0s2pshwvh2r80000gn/T/fire_emu_63963.sock"}}
[debug] [2020-12-13T03:04:35.658Z] [worker-~diagnostic~-d39de90d-5977-40fa-856a-79388cd996be]: BUSY {"metadata":{"emulator":{"name":"functions"},"message":"[worker-~diagnostic~-d39de90d-5977-40fa-856a-79388cd996be]: BUSY"}}
[debug] [2020-12-13T03:04:35.774Z] [runtime-status] [63963] Functions runtime initialized. {"cwd":"/Abhay's Drive/WEB/Apps/genuine-connections/functions","node_version":"12.18.3"} {"metadata":{"emulator":{"name":"functions"},"message":"[runtime-status] [63963] Functions runtime initialized. {\"cwd\":\"/Abhay's Drive/WEB/Apps/genuine-connections/functions\",\"node_version\":\"12.18.3\"}"}}
[debug] [2020-12-13T03:04:35.775Z] [runtime-status] [63963] Disabled runtime features: undefined {"metadata":{"emulator":{"name":"functions"},"message":"[runtime-status] [63963] Disabled runtime features: undefined"}}
[debug] [2020-12-13T03:04:35.776Z] [runtime-status] [63963] Resolved module firebase-admin {"declared":true,"installed":true,"version":"9.4.2","resolution":"/Abhay's Drive/WEB/Apps/genuine-connections/functions/node_modules/firebase-admin/lib/index.js"} {"metadata":{"emulator":{"name":"functions"},"message":"[runtime-status] [63963] Resolved module firebase-admin {\"declared\":true,\"installed\":true,\"version\":\"9.4.2\",\"resolution\":\"/Abhay's Drive/WEB/Apps/genuine-connections/functions/node_modules/firebase-admin/lib/index.js\"}"}}
[debug] [2020-12-13T03:04:35.778Z] [runtime-status] [63963] Resolved module firebase-functions {"declared":true,"installed":true,"version":"3.13.0","resolution":"/Abhay's Drive/WEB/Apps/genuine-connections/functions/node_modules/firebase-functions/lib/index.js"} {"metadata":{"emulator":{"name":"functions"},"message":"[runtime-status] [63963] Resolved module firebase-functions {\"declared\":true,\"installed\":true,\"version\":\"3.13.0\",\"resolution\":\"/Abhay's Drive/WEB/Apps/genuine-connections/functions/node_modules/firebase-functions/lib/index.js\"}"}}
[debug] [2020-12-13T03:04:35.779Z] [runtime-status] [63963] Resolved module firebase-functions {"declared":true,"installed":true,"version":"3.13.0","resolution":"/Abhay's Drive/WEB/Apps/genuine-connections/functions/node_modules/firebase-functions/lib/index.js"} {"metadata":{"emulator":{"name":"functions"},"message":"[runtime-status] [63963] Resolved module firebase-functions {\"declared\":true,\"installed\":true,\"version\":\"3.13.0\",\"resolution\":\"/Abhay's Drive/WEB/Apps/genuine-connections/functions/node_modules/firebase-functions/lib/index.js\"}"}}
[debug] [2020-12-13T03:04:35.780Z] [runtime-status] [63963] Outgoing network have been stubbed. [{"name":"http","status":"mocked"},{"name":"http","status":"mocked"},{"name":"https","status":"mocked"},{"name":"https","status":"mocked"},{"name":"net","status":"mocked"}] {"metadata":{"emulator":{"name":"functions"},"message":"[runtime-status] [63963] Outgoing network have been stubbed. [{\"name\":\"http\",\"status\":\"mocked\"},{\"name\":\"http\",\"status\":\"mocked\"},{\"name\":\"https\",\"status\":\"mocked\"},{\"name\":\"https\",\"status\":\"mocked\"},{\"name\":\"net\",\"status\":\"mocked\"}]"}}
[debug] [2020-12-13T03:04:35.781Z] [runtime-status] [63963] Resolved module firebase-functions {"declared":true,"installed":true,"version":"3.13.0","resolution":"/Abhay's Drive/WEB/Apps/genuine-connections/functions/node_modules/firebase-functions/lib/index.js"} {"metadata":{"emulator":{"name":"functions"},"message":"[runtime-status] [63963] Resolved module firebase-functions {\"declared\":true,\"installed\":true,\"version\":\"3.13.0\",\"resolution\":\"/Abhay's Drive/WEB/Apps/genuine-connections/functions/node_modules/firebase-functions/lib/index.js\"}"}}
[debug] [2020-12-13T03:04:35.808Z] [runtime-status] [63963] Checked functions.config() {"config":{}} {"metadata":{"emulator":{"name":"functions"},"message":"[runtime-status] [63963] Checked functions.config() {\"config\":{}}"}}
[debug] [2020-12-13T03:04:35.808Z] [runtime-status] [63963] firebase-functions has been stubbed. {"functionsResolution":{"declared":true,"installed":true,"version":"3.13.0","resolution":"/Abhay's Drive/WEB/Apps/genuine-connections/functions/node_modules/firebase-functions/lib/index.js"}} {"metadata":{"emulator":{"name":"functions"},"message":"[runtime-status] [63963] firebase-functions has been stubbed. {\"functionsResolution\":{\"declared\":true,\"installed\":true,\"version\":\"3.13.0\",\"resolution\":\"/Abhay's Drive/WEB/Apps/genuine-connections/functions/node_modules/firebase-functions/lib/index.js\"}}"}}
[debug] [2020-12-13T03:04:35.809Z] [runtime-status] [63963] Resolved module firebase-functions {"declared":true,"installed":true,"version":"3.13.0","resolution":"/Abhay's Drive/WEB/Apps/genuine-connections/functions/node_modules/firebase-functions/lib/index.js"} {"metadata":{"emulator":{"name":"functions"},"message":"[runtime-status] [63963] Resolved module firebase-functions {\"declared\":true,\"installed\":true,\"version\":\"3.13.0\",\"resolution\":\"/Abhay's Drive/WEB/Apps/genuine-connections/functions/node_modules/firebase-functions/lib/index.js\"}"}}
[debug] [2020-12-13T03:04:35.809Z] [runtime-status] [63963] Resolved module firebase-admin {"declared":true,"installed":true,"version":"9.4.2","resolution":"/Abhay's Drive/WEB/Apps/genuine-connections/functions/node_modules/firebase-admin/lib/index.js"} {"metadata":{"emulator":{"name":"functions"},"message":"[runtime-status] [63963] Resolved module firebase-admin {\"declared\":true,\"installed\":true,\"version\":\"9.4.2\",\"resolution\":\"/Abhay's Drive/WEB/Apps/genuine-connections/functions/node_modules/firebase-admin/lib/index.js\"}"}}
[debug] [2020-12-13T03:04:35.810Z] [runtime-status] [63963] Resolved module firebase-functions {"declared":true,"installed":true,"version":"3.13.0","resolution":"/Abhay's Drive/WEB/Apps/genuine-connections/functions/node_modules/firebase-functions/lib/index.js"} {"metadata":{"emulator":{"name":"functions"},"message":"[runtime-status] [63963] Resolved module firebase-functions {\"declared\":true,\"installed\":true,\"version\":\"3.13.0\",\"resolution\":\"/Abhay's Drive/WEB/Apps/genuine-connections/functions/node_modules/firebase-functions/lib/index.js\"}"}}
[debug] [2020-12-13T03:04:35.810Z] [runtime-status] [63963] firebase-admin has been stubbed. {"adminResolution":{"declared":true,"installed":true,"version":"9.4.2","resolution":"/Abhay's Drive/WEB/Apps/genuine-connections/functions/node_modules/firebase-admin/lib/index.js"}} {"metadata":{"emulator":{"name":"functions"},"message":"[runtime-status] [63963] firebase-admin has been stubbed. {\"adminResolution\":{\"declared\":true,\"installed\":true,\"version\":\"9.4.2\",\"resolution\":\"/Abhay's Drive/WEB/Apps/genuine-connections/functions/node_modules/firebase-admin/lib/index.js\"}}"}}
[debug] [2020-12-13T03:04:35.857Z] [worker-~diagnostic~-d39de90d-5977-40fa-856a-79388cd996be]: IDLE {"metadata":{"emulator":{"name":"functions"},"message":"[worker-~diagnostic~-d39de90d-5977-40fa-856a-79388cd996be]: IDLE"}}
[debug] [2020-12-13T03:05:42.736Z] ----------------------------------------------------------------------
[debug] [2020-12-13T03:05:42.738Z] Command:       /usr/local/bin/node /usr/local/bin/firebase serve --debug
[debug] [2020-12-13T03:05:42.738Z] CLI Version:   8.19.0
[debug] [2020-12-13T03:05:42.738Z] Platform:      darwin
[debug] [2020-12-13T03:05:42.738Z] Node Version:  v12.18.3
[debug] [2020-12-13T03:05:42.740Z] Time:          Sat Dec 12 2020 22:05:42 GMT-0500 (Eastern Standard Time)
[debug] [2020-12-13T03:05:42.740Z] ----------------------------------------------------------------------
[debug] [2020-12-13T03:05:42.740Z] 
[debug] [2020-12-13T03:05:42.746Z] > command requires scopes: ["email","openid","https://www.googleapis.com/auth/cloudplatformprojects.readonly","https://www.googleapis.com/auth/firebase","https://www.googleapis.com/auth/cloud-platform"]
[debug] [2020-12-13T03:05:42.748Z] > authorizing via signed-in user
[debug] [2020-12-13T03:05:42.748Z] [iam] checking project genuine-connections-a4e91 for permissions ["firebase.projects.get"]
[debug] [2020-12-13T03:05:42.751Z] >>> HTTP REQUEST POST https://cloudresourcemanager.googleapis.com/v1/projects/genuine-connections-a4e91:testIamPermissions  
 {"permissions":["firebase.projects.get"]}
[debug] [2020-12-13T03:05:42.974Z] <<< HTTP RESPONSE 200 {"content-type":"application/json; charset=UTF-8","vary":"X-Origin, Referer, Origin,Accept-Encoding","date":"Sun, 13 Dec 2020 03:05:42 GMT","server":"ESF","cache-control":"private","x-xss-protection":"0","x-frame-options":"SAMEORIGIN","x-content-type-options":"nosniff","server-timing":"gfet4t7; dur=46","alt-svc":"h3-29=\":443\"; ma=2592000,h3-T051=\":443\"; ma=2592000,h3-Q050=\":443\"; ma=2592000,h3-Q046=\":443\"; ma=2592000,h3-Q043=\":443\"; ma=2592000,quic=\":443\"; ma=2592000; v=\"46,43\"","accept-ranges":"none","transfer-encoding":"chunked"}
[debug] [2020-12-13T03:05:42.976Z] >>> HTTP REQUEST GET https://firebase.googleapis.com/v1beta1/projects/genuine-connections-a4e91  
 
[debug] [2020-12-13T03:05:43.290Z] <<< HTTP RESPONSE 200 {"content-type":"application/json; charset=UTF-8","vary":"X-Origin, Referer, Origin,Accept-Encoding","date":"Sun, 13 Dec 2020 03:05:43 GMT","server":"ESF","cache-control":"private","x-xss-protection":"0","x-frame-options":"SAMEORIGIN","x-content-type-options":"nosniff","alt-svc":"h3-29=\":443\"; ma=2592000,h3-T051=\":443\"; ma=2592000,h3-Q050=\":443\"; ma=2592000,h3-Q046=\":443\"; ma=2592000,h3-Q043=\":443\"; ma=2592000,quic=\":443\"; ma=2592000; v=\"46,43\"","accept-ranges":"none","transfer-encoding":"chunked"}
[info] 
[info] === Serving from '/Abhay's Drive/WEB/Apps/genuine-connections'...
[info] 
[debug] [2020-12-13T03:05:43.296Z] >>> HTTP REQUEST GET https://firebase.googleapis.com/v1beta1/projects/genuine-connections-a4e91/webApps/-/config  
 
[info] ✔  functions: Using node@12 from host. {"metadata":{"emulator":{"name":"functions"},"message":"Using node@12 from host."}}
[debug] [2020-12-13T03:05:43.311Z] defaultcredentials: writing to file /Users/abhayvincent/.config/firebase/abhaykvincent_gmail_com_application_default_credentials.json
[debug] [2020-12-13T03:05:43.312Z] Setting GAC to /Users/abhayvincent/.config/firebase/abhaykvincent_gmail_com_application_default_credentials.json {"metadata":{"emulator":{"name":"functions"},"message":"Setting GAC to /Users/abhayvincent/.config/firebase/abhaykvincent_gmail_com_application_default_credentials.json"}}
[debug] [2020-12-13T03:05:43.764Z] <<< HTTP RESPONSE 200 {"content-type":"application/json; charset=UTF-8","vary":"X-Origin, Referer, Origin,Accept-Encoding","date":"Sun, 13 Dec 2020 03:05:43 GMT","server":"ESF","cache-control":"private","x-xss-protection":"0","x-frame-options":"SAMEORIGIN","x-content-type-options":"nosniff","alt-svc":"h3-29=\":443\"; ma=2592000,h3-T051=\":443\"; ma=2592000,h3-Q050=\":443\"; ma=2592000,h3-Q046=\":443\"; ma=2592000,h3-Q043=\":443\"; ma=2592000,quic=\":443\"; ma=2592000; v=\"46,43\"","accept-ranges":"none","transfer-encoding":"chunked"}
[info] i  functions: Watching "/Abhay's Drive/WEB/Apps/genuine-connections/functions" for Cloud Functions... {"metadata":{"emulator":{"name":"functions"},"message":"Watching \"/Abhay's Drive/WEB/Apps/genuine-connections/functions\" for Cloud Functions..."}}
[debug] [2020-12-13T03:05:43.797Z] [worker-pool] addWorker(~diagnostic~) {"metadata":{"emulator":{"name":"functions"},"message":"[worker-pool] addWorker(~diagnostic~)"}}
[debug] [2020-12-13T03:05:43.798Z] [worker-pool] Adding worker with key ~diagnostic~, total=1 {"metadata":{"emulator":{"name":"functions"},"message":"[worker-pool] Adding worker with key ~diagnostic~, total=1"}}
[debug] [2020-12-13T03:05:43.798Z] [worker-pool] submitWork(triggerId=) {"metadata":{"emulator":{"name":"functions"},"message":"[worker-pool] submitWork(triggerId=)"}}
[debug] [2020-12-13T03:05:43.798Z] [worker-~diagnostic~-aaaf5926-d781-4e4a-a307-3450aa0c4c3e]: Assigning socketPath: /var/folders/sv/95v9zv1d3yxd0s2pshwvh2r80000gn/T/fire_emu_63986.sock {"metadata":{"emulator":{"name":"functions"},"message":"[worker-~diagnostic~-aaaf5926-d781-4e4a-a307-3450aa0c4c3e]: Assigning socketPath: /var/folders/sv/95v9zv1d3yxd0s2pshwvh2r80000gn/T/fire_emu_63986.sock"}}
[debug] [2020-12-13T03:05:43.799Z] [worker-~diagnostic~-aaaf5926-d781-4e4a-a307-3450aa0c4c3e]: BUSY {"metadata":{"emulator":{"name":"functions"},"message":"[worker-~diagnostic~-aaaf5926-d781-4e4a-a307-3450aa0c4c3e]: BUSY"}}
[info] i  hosting: Serving hosting files from: build {"metadata":{"emulator":{"name":"hosting"},"message":"Serving hosting files from: \u001b[1mbuild\u001b[22m"}}
[info] ✔  hosting: Local server: http://localhost:5000 {"metadata":{"emulator":{"name":"hosting"},"message":"Local server: \u001b[4m\u001b[1mhttp://localhost:5000\u001b[22m\u001b[24m"}}
[debug] [2020-12-13T03:05:43.914Z] [runtime-status] [63986] Functions runtime initialized. {"cwd":"/Abhay's Drive/WEB/Apps/genuine-connections/functions","node_version":"12.18.3"} {"metadata":{"emulator":{"name":"functions"},"message":"[runtime-status] [63986] Functions runtime initialized. {\"cwd\":\"/Abhay's Drive/WEB/Apps/genuine-connections/functions\",\"node_version\":\"12.18.3\"}"}}
[debug] [2020-12-13T03:05:43.915Z] [runtime-status] [63986] Disabled runtime features: undefined {"metadata":{"emulator":{"name":"functions"},"message":"[runtime-status] [63986] Disabled runtime features: undefined"}}
[debug] [2020-12-13T03:05:43.919Z] [runtime-status] [63986] Resolved module firebase-admin {"declared":true,"installed":true,"version":"9.4.2","resolution":"/Abhay's Drive/WEB/Apps/genuine-connections/functions/node_modules/firebase-admin/lib/index.js"} {"metadata":{"emulator":{"name":"functions"},"message":"[runtime-status] [63986] Resolved module firebase-admin {\"declared\":true,\"installed\":true,\"version\":\"9.4.2\",\"resolution\":\"/Abhay's Drive/WEB/Apps/genuine-connections/functions/node_modules/firebase-admin/lib/index.js\"}"}}
[debug] [2020-12-13T03:05:43.930Z] [runtime-status] [63986] Resolved module firebase-functions {"declared":true,"installed":true,"version":"3.13.0","resolution":"/Abhay's Drive/WEB/Apps/genuine-connections/functions/node_modules/firebase-functions/lib/index.js"} {"metadata":{"emulator":{"name":"functions"},"message":"[runtime-status] [63986] Resolved module firebase-functions {\"declared\":true,\"installed\":true,\"version\":\"3.13.0\",\"resolution\":\"/Abhay's Drive/WEB/Apps/genuine-connections/functions/node_modules/firebase-functions/lib/index.js\"}"}}
[debug] [2020-12-13T03:05:43.934Z] [runtime-status] [63986] Resolved module firebase-functions {"declared":true,"installed":true,"version":"3.13.0","resolution":"/Abhay's Drive/WEB/Apps/genuine-connections/functions/node_modules/firebase-functions/lib/index.js"} {"metadata":{"emulator":{"name":"functions"},"message":"[runtime-status] [63986] Resolved module firebase-functions {\"declared\":true,\"installed\":true,\"version\":\"3.13.0\",\"resolution\":\"/Abhay's Drive/WEB/Apps/genuine-connections/functions/node_modules/firebase-functions/lib/index.js\"}"}}
[debug] [2020-12-13T03:05:43.935Z] [runtime-status] [63986] Outgoing network have been stubbed. [{"name":"http","status":"mocked"},{"name":"http","status":"mocked"},{"name":"https","status":"mocked"},{"name":"https","status":"mocked"},{"name":"net","status":"mocked"}] {"metadata":{"emulator":{"name":"functions"},"message":"[runtime-status] [63986] Outgoing network have been stubbed. [{\"name\":\"http\",\"status\":\"mocked\"},{\"name\":\"http\",\"status\":\"mocked\"},{\"name\":\"https\",\"status\":\"mocked\"},{\"name\":\"https\",\"status\":\"mocked\"},{\"name\":\"net\",\"status\":\"mocked\"}]"}}
[debug] [2020-12-13T03:05:43.943Z] [runtime-status] [63986] Resolved module firebase-functions {"declared":true,"installed":true,"version":"3.13.0","resolution":"/Abhay's Drive/WEB/Apps/genuine-connections/functions/node_modules/firebase-functions/lib/index.js"} {"metadata":{"emulator":{"name":"functions"},"message":"[runtime-status] [63986] Resolved module firebase-functions {\"declared\":true,\"installed\":true,\"version\":\"3.13.0\",\"resolution\":\"/Abhay's Drive/WEB/Apps/genuine-connections/functions/node_modules/firebase-functions/lib/index.js\"}"}}
[debug] [2020-12-13T03:05:44.010Z] [runtime-status] [63986] Checked functions.config() {"config":{}} {"metadata":{"emulator":{"name":"functions"},"message":"[runtime-status] [63986] Checked functions.config() {\"config\":{}}"}}
[debug] [2020-12-13T03:05:44.011Z] [runtime-status] [63986] firebase-functions has been stubbed. {"functionsResolution":{"declared":true,"installed":true,"version":"3.13.0","resolution":"/Abhay's Drive/WEB/Apps/genuine-connections/functions/node_modules/firebase-functions/lib/index.js"}} {"metadata":{"emulator":{"name":"functions"},"message":"[runtime-status] [63986] firebase-functions has been stubbed. {\"functionsResolution\":{\"declared\":true,\"installed\":true,\"version\":\"3.13.0\",\"resolution\":\"/Abhay's Drive/WEB/Apps/genuine-connections/functions/node_modules/firebase-functions/lib/index.js\"}}"}}
[debug] [2020-12-13T03:05:44.011Z] [runtime-status] [63986] Resolved module firebase-functions {"declared":true,"installed":true,"version":"3.13.0","resolution":"/Abhay's Drive/WEB/Apps/genuine-connections/functions/node_modules/firebase-functions/lib/index.js"} {"metadata":{"emulator":{"name":"functions"},"message":"[runtime-status] [63986] Resolved module firebase-functions {\"declared\":true,\"installed\":true,\"version\":\"3.13.0\",\"resolution\":\"/Abhay's Drive/WEB/Apps/genuine-connections/functions/node_modules/firebase-functions/lib/index.js\"}"}}
[debug] [2020-12-13T03:05:44.013Z] [runtime-status] [63986] Resolved module firebase-admin {"declared":true,"installed":true,"version":"9.4.2","resolution":"/Abhay's Drive/WEB/Apps/genuine-connections/functions/node_modules/firebase-admin/lib/index.js"} {"metadata":{"emulator":{"name":"functions"},"message":"[runtime-status] [63986] Resolved module firebase-admin {\"declared\":true,\"installed\":true,\"version\":\"9.4.2\",\"resolution\":\"/Abhay's Drive/WEB/Apps/genuine-connections/functions/node_modules/firebase-admin/lib/index.js\"}"}}
[debug] [2020-12-13T03:05:44.013Z] [runtime-status] [63986] Resolved module firebase-functions {"declared":true,"installed":true,"version":"3.13.0","resolution":"/Abhay's Drive/WEB/Apps/genuine-connections/functions/node_modules/firebase-functions/lib/index.js"} {"metadata":{"emulator":{"name":"functions"},"message":"[runtime-status] [63986] Resolved module firebase-functions {\"declared\":true,\"installed\":true,\"version\":\"3.13.0\",\"resolution\":\"/Abhay's Drive/WEB/Apps/genuine-connections/functions/node_modules/firebase-functions/lib/index.js\"}"}}
[debug] [2020-12-13T03:05:44.017Z] [runtime-status] [63986] firebase-admin has been stubbed. {"adminResolution":{"declared":true,"installed":true,"version":"9.4.2","resolution":"/Abhay's Drive/WEB/Apps/genuine-connections/functions/node_modules/firebase-admin/lib/index.js"}} {"metadata":{"emulator":{"name":"functions"},"message":"[runtime-status] [63986] firebase-admin has been stubbed. {\"adminResolution\":{\"declared\":true,\"installed\":true,\"version\":\"9.4.2\",\"resolution\":\"/Abhay's Drive/WEB/Apps/genuine-connections/functions/node_modules/firebase-admin/lib/index.js\"}}"}}
[debug] [2020-12-13T03:05:44.133Z] [worker-~diagnostic~-aaaf5926-d781-4e4a-a307-3450aa0c4c3e]: IDLE {"metadata":{"emulator":{"name":"functions"},"message":"[worker-~diagnostic~-aaaf5926-d781-4e4a-a307-3450aa0c4c3e]: IDLE"}}
[debug] [2020-12-13T03:32:55.545Z] ----------------------------------------------------------------------
[debug] [2020-12-13T03:32:55.547Z] Command:       /usr/local/bin/node /usr/local/bin/firebase deploy --only functions
[debug] [2020-12-13T03:32:55.547Z] CLI Version:   8.19.0
[debug] [2020-12-13T03:32:55.547Z] Platform:      darwin
[debug] [2020-12-13T03:32:55.548Z] Node Version:  v12.18.3
[debug] [2020-12-13T03:32:55.549Z] Time:          Sat Dec 12 2020 22:32:55 GMT-0500 (Eastern Standard Time)
[debug] [2020-12-13T03:32:55.549Z] ----------------------------------------------------------------------
[debug] [2020-12-13T03:32:55.549Z] 
[debug] [2020-12-13T03:32:55.561Z] > command requires scopes: ["email","openid","https://www.googleapis.com/auth/cloudplatformprojects.readonly","https://www.googleapis.com/auth/firebase","https://www.googleapis.com/auth/cloud-platform"]
[debug] [2020-12-13T03:32:55.561Z] > authorizing via signed-in user
[debug] [2020-12-13T03:32:55.562Z] [iam] checking project genuine-connections-a4e91 for permissions ["cloudfunctions.functions.create","cloudfunctions.functions.delete","cloudfunctions.functions.get","cloudfunctions.functions.list","cloudfunctions.functions.update","cloudfunctions.operations.get","firebase.projects.get"]
[debug] [2020-12-13T03:32:55.565Z] >>> HTTP REQUEST POST https://cloudresourcemanager.googleapis.com/v1/projects/genuine-connections-a4e91:testIamPermissions  
 {"permissions":["cloudfunctions.functions.create","cloudfunctions.functions.delete","cloudfunctions.functions.get","cloudfunctions.functions.list","cloudfunctions.functions.update","cloudfunctions.operations.get","firebase.projects.get"]}
[debug] [2020-12-13T03:32:55.975Z] <<< HTTP RESPONSE 200 {"content-type":"application/json; charset=UTF-8","vary":"X-Origin, Referer, Origin,Accept-Encoding","date":"Sun, 13 Dec 2020 03:32:55 GMT","server":"ESF","cache-control":"private","x-xss-protection":"0","x-frame-options":"SAMEORIGIN","x-content-type-options":"nosniff","server-timing":"gfet4t7; dur=151","alt-svc":"h3-29=\":443\"; ma=2592000,h3-T051=\":443\"; ma=2592000,h3-Q050=\":443\"; ma=2592000,h3-Q046=\":443\"; ma=2592000,h3-Q043=\":443\"; ma=2592000,quic=\":443\"; ma=2592000; v=\"46,43\"","accept-ranges":"none","transfer-encoding":"chunked"}
[debug] [2020-12-13T03:32:55.976Z] >>> HTTP REQUEST POST https://iam.googleapis.com/v1/projects/genuine-connections-a4e91/serviceAccounts/genuine-connections-a4e91@appspot.gserviceaccount.com:testIamPermissions  
 {"permissions":["iam.serviceAccounts.actAs"]}
[debug] [2020-12-13T03:32:56.214Z] <<< HTTP RESPONSE 200 {"content-type":"application/json; charset=UTF-8","vary":"X-Origin, Referer, Origin,Accept-Encoding","date":"Sun, 13 Dec 2020 03:32:56 GMT","server":"ESF","cache-control":"private","x-xss-protection":"0","x-frame-options":"SAMEORIGIN","x-content-type-options":"nosniff","alt-svc":"h3-29=\":443\"; ma=2592000,h3-T051=\":443\"; ma=2592000,h3-Q050=\":443\"; ma=2592000,h3-Q046=\":443\"; ma=2592000,h3-Q043=\":443\"; ma=2592000,quic=\":443\"; ma=2592000; v=\"46,43\"","accept-ranges":"none","transfer-encoding":"chunked"}
[info] 
[info] === Deploying to 'genuine-connections-a4e91'...
[info] 
[info] i  deploying functions 
[debug] [2020-12-13T03:32:58.130Z] > [functions] package.json contents: {
  "name": "functions",
  "description": "Cloud Functions for Firebase",
  "scripts": {
    "serve": "firebase serve --only functions",
    "shell": "firebase functions:shell",
    "start": "npm run shell",
    "deploy": "firebase deploy --only functions",
    "logs": "firebase functions:log"
  },
  "dependencies": {
    "busboy": "^0.3.0",
    "cors": "^2.8.5",
    "express": "^4.16.4",
    "firebase": "^8.2.0",
    "firebase-admin": "^9.4.2",
    "firebase-functions": "^3.13.0",
    "uuidv4": "^6.0.7"
  },
  "engines": {
    "node": "12"
  },
  "private": true
}
[info] i  functions: ensuring required API cloudfunctions.googleapis.com is enabled... 
[info] i  functions: ensuring required API cloudbuild.googleapis.com is enabled... 
[debug] [2020-12-13T03:33:00.053Z] >>> HTTP REQUEST GET https://serviceusage.googleapis.com/v1/projects/genuine-connections-a4e91/services/cloudfunctions.googleapis.com  
 
[debug] [2020-12-13T03:33:00.066Z] >>> HTTP REQUEST GET https://serviceusage.googleapis.com/v1/projects/genuine-connections-a4e91/services/runtimeconfig.googleapis.com  
 
[debug] [2020-12-13T03:33:00.066Z] >>> HTTP REQUEST GET https://serviceusage.googleapis.com/v1/projects/genuine-connections-a4e91/services/cloudbuild.googleapis.com  
 
[debug] [2020-12-13T03:33:00.706Z] <<< HTTP RESPONSE 200 {"content-type":"application/json; charset=UTF-8","vary":"X-Origin, Referer, Origin,Accept-Encoding","date":"Sun, 13 Dec 2020 03:33:00 GMT","server":"ESF","cache-control":"private","x-xss-protection":"0","x-frame-options":"SAMEORIGIN","x-content-type-options":"nosniff","alt-svc":"h3-29=\":443\"; ma=2592000,h3-T051=\":443\"; ma=2592000,h3-Q050=\":443\"; ma=2592000,h3-Q046=\":443\"; ma=2592000,h3-Q043=\":443\"; ma=2592000,quic=\":443\"; ma=2592000; v=\"46,43\"","accept-ranges":"none","transfer-encoding":"chunked"}
[debug] [2020-12-13T03:33:00.708Z] <<< HTTP RESPONSE 200 {"content-type":"application/json; charset=UTF-8","vary":"X-Origin, Referer, Origin,Accept-Encoding","date":"Sun, 13 Dec 2020 03:33:00 GMT","server":"ESF","cache-control":"private","x-xss-protection":"0","x-frame-options":"SAMEORIGIN","x-content-type-options":"nosniff","alt-svc":"h3-29=\":443\"; ma=2592000,h3-T051=\":443\"; ma=2592000,h3-Q050=\":443\"; ma=2592000,h3-Q046=\":443\"; ma=2592000,h3-Q043=\":443\"; ma=2592000,quic=\":443\"; ma=2592000; v=\"46,43\"","accept-ranges":"none","transfer-encoding":"chunked"}
[info] ✔  functions: required API cloudbuild.googleapis.com is enabled 
[debug] [2020-12-13T03:33:00.717Z] <<< HTTP RESPONSE 200 {"content-type":"application/json; charset=UTF-8","vary":"X-Origin, Referer, Origin,Accept-Encoding","date":"Sun, 13 Dec 2020 03:33:00 GMT","server":"ESF","cache-control":"private","x-xss-protection":"0","x-frame-options":"SAMEORIGIN","x-content-type-options":"nosniff","alt-svc":"h3-29=\":443\"; ma=2592000,h3-T051=\":443\"; ma=2592000,h3-Q050=\":443\"; ma=2592000,h3-Q046=\":443\"; ma=2592000,h3-Q043=\":443\"; ma=2592000,quic=\":443\"; ma=2592000; v=\"46,43\"","accept-ranges":"none","transfer-encoding":"chunked"}
[info] ✔  functions: required API cloudfunctions.googleapis.com is enabled 
[debug] [2020-12-13T03:33:00.718Z] >>> HTTP REQUEST GET https://firebase.googleapis.com/v1beta1/projects/genuine-connections-a4e91/adminSdkConfig  
 
[debug] [2020-12-13T03:33:01.089Z] <<< HTTP RESPONSE 200 {"content-type":"application/json; charset=UTF-8","vary":"X-Origin, Referer, Origin,Accept-Encoding","date":"Sun, 13 Dec 2020 03:33:01 GMT","server":"ESF","cache-control":"private","x-xss-protection":"0","x-frame-options":"SAMEORIGIN","x-content-type-options":"nosniff","alt-svc":"h3-29=\":443\"; ma=2592000,h3-T051=\":443\"; ma=2592000,h3-Q050=\":443\"; ma=2592000,h3-Q046=\":443\"; ma=2592000,h3-Q043=\":443\"; ma=2592000,quic=\":443\"; ma=2592000; v=\"46,43\"","accept-ranges":"none","transfer-encoding":"chunked"}
[info] i  functions: preparing functions directory for uploading... 
[debug] [2020-12-13T03:33:01.091Z] >>> HTTP REQUEST GET https://runtimeconfig.googleapis.com/v1beta1/projects/genuine-connections-a4e91/configs  
 
[debug] [2020-12-13T03:33:01.791Z] <<< HTTP RESPONSE 200 {"content-type":"application/json; charset=UTF-8","vary":"X-Origin, Referer, Origin,Accept-Encoding","date":"Sun, 13 Dec 2020 03:33:01 GMT","server":"ESF","cache-control":"private","x-xss-protection":"0","x-frame-options":"SAMEORIGIN","x-content-type-options":"nosniff","alt-svc":"h3-29=\":443\"; ma=2592000,h3-T051=\":443\"; ma=2592000,h3-Q050=\":443\"; ma=2592000,h3-Q046=\":443\"; ma=2592000,h3-Q043=\":443\"; ma=2592000,quic=\":443\"; ma=2592000; v=\"46,43\"","accept-ranges":"none","transfer-encoding":"chunked"}
[debug] [2020-12-13T03:33:02.072Z] >>> HTTP REQUEST GET https://cloudfunctions.googleapis.com/v1/projects/genuine-connections-a4e91/locations/-/functions  
 
[debug] [2020-12-13T03:33:02.699Z] <<< HTTP RESPONSE 200 {"content-type":"application/json; charset=UTF-8","vary":"X-Origin, Referer, Origin,Accept-Encoding","date":"Sun, 13 Dec 2020 03:33:02 GMT","server":"ESF","cache-control":"private","x-xss-protection":"0","x-frame-options":"SAMEORIGIN","x-content-type-options":"nosniff","alt-svc":"h3-29=\":443\"; ma=2592000,h3-T051=\":443\"; ma=2592000,h3-Q050=\":443\"; ma=2592000,h3-Q046=\":443\"; ma=2592000,h3-Q043=\":443\"; ma=2592000,quic=\":443\"; ma=2592000; v=\"46,43\"","accept-ranges":"none","transfer-encoding":"chunked"}
[info] 
The following functions are found in your project but do not exist in your local source code:
	api(europe-west1)
	helloWorld(us-central1)

If you are renaming a function or changing its region, it is recommended that you create the new function first before deleting the old one to prevent event loss. For more info, visit https://firebase.google.com/docs/functions/manage-functions#modify

[debug] [2020-12-13T04:34:49.294Z] ----------------------------------------------------------------------
[debug] [2020-12-13T04:34:49.296Z] Command:       /usr/local/bin/node /usr/local/bin/firebase functions:shell
[debug] [2020-12-13T04:34:49.296Z] CLI Version:   8.19.0
[debug] [2020-12-13T04:34:49.296Z] Platform:      darwin
[debug] [2020-12-13T04:34:49.297Z] Node Version:  v12.18.3
[debug] [2020-12-13T04:34:49.297Z] Time:          Sat Dec 12 2020 23:34:49 GMT-0500 (Eastern Standard Time)
[debug] [2020-12-13T04:34:49.298Z] ----------------------------------------------------------------------
[debug] [2020-12-13T04:34:49.298Z] 
[debug] [2020-12-13T04:34:49.306Z] > command requires scopes: ["email","openid","https://www.googleapis.com/auth/cloudplatformprojects.readonly","https://www.googleapis.com/auth/firebase","https://www.googleapis.com/auth/cloud-platform"]
[debug] [2020-12-13T04:34:49.307Z] > authorizing via signed-in user
[debug] [2020-12-13T04:34:49.307Z] [iam] checking project genuine-connections-a4e91 for permissions ["firebase.projects.get"]
[debug] [2020-12-13T04:34:49.310Z] >>> HTTP REQUEST POST https://cloudresourcemanager.googleapis.com/v1/projects/genuine-connections-a4e91:testIamPermissions  
 {"permissions":["firebase.projects.get"]}
[debug] [2020-12-13T04:34:49.788Z] <<< HTTP RESPONSE 200 {"content-type":"application/json; charset=UTF-8","vary":"X-Origin, Referer, Origin,Accept-Encoding","date":"Sun, 13 Dec 2020 04:34:49 GMT","server":"ESF","cache-control":"private","x-xss-protection":"0","x-frame-options":"SAMEORIGIN","x-content-type-options":"nosniff","server-timing":"gfet4t7; dur=172","alt-svc":"h3-29=\":443\"; ma=2592000,h3-T051=\":443\"; ma=2592000,h3-Q050=\":443\"; ma=2592000,h3-Q046=\":443\"; ma=2592000,h3-Q043=\":443\"; ma=2592000,quic=\":443\"; ma=2592000; v=\"46,43\"","accept-ranges":"none","transfer-encoding":"chunked"}
[debug] [2020-12-13T04:34:49.791Z] >>> HTTP REQUEST GET http://localhost:4400/emulators  
 
[debug] [2020-12-13T04:34:50.003Z] Error: connect ECONNREFUSED 127.0.0.1:4400
    at TCPConnectWrap.afterConnect [as oncomplete] (net.js:1141:16)
[error] 
[error] Error: Server Error. connect ECONNREFUSED 127.0.0.1:4400
[debug] [2020-12-13T05:19:01.718Z] ----------------------------------------------------------------------
[debug] [2020-12-13T05:19:01.720Z] Command:       /usr/local/bin/node /usr/local/bin/firebase functions:shell
[debug] [2020-12-13T05:19:01.720Z] CLI Version:   8.19.0
[debug] [2020-12-13T05:19:01.720Z] Platform:      darwin
[debug] [2020-12-13T05:19:01.720Z] Node Version:  v12.18.3
[debug] [2020-12-13T05:19:01.722Z] Time:          Sun Dec 13 2020 00:19:01 GMT-0500 (Eastern Standard Time)
[debug] [2020-12-13T05:19:01.722Z] ----------------------------------------------------------------------
[debug] [2020-12-13T05:19:01.723Z] 
[debug] [2020-12-13T05:19:01.730Z] > command requires scopes: ["email","openid","https://www.googleapis.com/auth/cloudplatformprojects.readonly","https://www.googleapis.com/auth/firebase","https://www.googleapis.com/auth/cloud-platform"]
[debug] [2020-12-13T05:19:01.730Z] > authorizing via signed-in user
[debug] [2020-12-13T05:19:01.730Z] [iam] checking project genuine-connections-a4e91 for permissions ["firebase.projects.get"]
[debug] [2020-12-13T05:19:01.733Z] > refreshing access token with scopes: ["email","https://www.googleapis.com/auth/cloud-platform","https://www.googleapis.com/auth/cloudplatformprojects.readonly","https://www.googleapis.com/auth/firebase","openid"]
[debug] [2020-12-13T05:19:01.734Z] >>> HTTP REQUEST POST https://www.googleapis.com/oauth2/v3/token  
 <request body omitted>
[debug] [2020-12-13T05:19:05.811Z] ----------------------------------------------------------------------
[debug] [2020-12-13T05:19:05.812Z] Command:       /usr/local/bin/node /usr/local/bin/firebase functions:shell
[debug] [2020-12-13T05:19:05.813Z] CLI Version:   8.19.0
[debug] [2020-12-13T05:19:05.813Z] Platform:      darwin
[debug] [2020-12-13T05:19:05.813Z] Node Version:  v12.18.3
[debug] [2020-12-13T05:19:05.814Z] Time:          Sun Dec 13 2020 00:19:05 GMT-0500 (Eastern Standard Time)
[debug] [2020-12-13T05:19:05.814Z] ----------------------------------------------------------------------
[debug] [2020-12-13T05:19:05.814Z] 
[debug] [2020-12-13T05:19:05.819Z] > command requires scopes: ["email","openid","https://www.googleapis.com/auth/cloudplatformprojects.readonly","https://www.googleapis.com/auth/firebase","https://www.googleapis.com/auth/cloud-platform"]
[debug] [2020-12-13T05:19:05.819Z] > authorizing via signed-in user
[debug] [2020-12-13T05:19:05.819Z] [iam] checking project genuine-connections-a4e91 for permissions ["firebase.projects.get"]
[debug] [2020-12-13T05:19:05.822Z] > refreshing access token with scopes: ["email","https://www.googleapis.com/auth/cloud-platform","https://www.googleapis.com/auth/cloudplatformprojects.readonly","https://www.googleapis.com/auth/firebase","openid"]
[debug] [2020-12-13T05:19:05.822Z] >>> HTTP REQUEST POST https://www.googleapis.com/oauth2/v3/token  
 <request body omitted>
[debug] [2020-12-13T05:19:06.065Z] <<< HTTP RESPONSE 200 {"date":"Sun, 13 Dec 2020 05:19:06 GMT","pragma":"no-cache","cache-control":"no-cache, no-store, max-age=0, must-revalidate","expires":"Mon, 01 Jan 1990 00:00:00 GMT","content-type":"application/json; charset=utf-8","vary":"X-Origin, Referer, Origin,Accept-Encoding","server":"scaffolding on HTTPServer2","x-xss-protection":"0","x-frame-options":"SAMEORIGIN","x-content-type-options":"nosniff","alt-svc":"h3-29=\":443\"; ma=2592000,h3-T051=\":443\"; ma=2592000,h3-Q050=\":443\"; ma=2592000,h3-Q046=\":443\"; ma=2592000,h3-Q043=\":443\"; ma=2592000,quic=\":443\"; ma=2592000; v=\"46,43\"","accept-ranges":"none","transfer-encoding":"chunked"}
[debug] [2020-12-13T05:19:06.074Z] >>> HTTP REQUEST POST https://cloudresourcemanager.googleapis.com/v1/projects/genuine-connections-a4e91:testIamPermissions  
 {"permissions":["firebase.projects.get"]}
[debug] [2020-12-13T05:19:06.421Z] <<< HTTP RESPONSE 200 {"content-type":"application/json; charset=UTF-8","vary":"X-Origin, Referer, Origin,Accept-Encoding","date":"Sun, 13 Dec 2020 05:19:06 GMT","server":"ESF","cache-control":"private","x-xss-protection":"0","x-frame-options":"SAMEORIGIN","x-content-type-options":"nosniff","server-timing":"gfet4t7; dur=129","alt-svc":"h3-29=\":443\"; ma=2592000,h3-T051=\":443\"; ma=2592000,h3-Q050=\":443\"; ma=2592000,h3-Q046=\":443\"; ma=2592000,h3-Q043=\":443\"; ma=2592000,quic=\":443\"; ma=2592000; v=\"46,43\"","accept-ranges":"none","transfer-encoding":"chunked"}
[debug] [2020-12-13T05:19:06.425Z] >>> HTTP REQUEST GET http://localhost:4400/emulators  
 
[debug] [2020-12-13T05:19:06.611Z] Error: connect ECONNREFUSED 127.0.0.1:4400
    at TCPConnectWrap.afterConnect [as oncomplete] (net.js:1141:16)
[error] 
[error] Error: Server Error. connect ECONNREFUSED 127.0.0.1:4400
