[debug] [2020-12-13T02:51:09.620Z] ----------------------------------------------------------------------
[debug] [2020-12-13T02:51:09.621Z] Command:       /usr/local/bin/node /usr/local/bin/firebase init
[debug] [2020-12-13T02:51:09.622Z] CLI Version:   8.19.0
[debug] [2020-12-13T02:51:09.622Z] Platform:      darwin
[debug] [2020-12-13T02:51:09.622Z] Node Version:  v12.18.3
[debug] [2020-12-13T02:51:09.623Z] Time:          Sat Dec 12 2020 21:51:09 GMT-0500 (Eastern Standard Time)
[debug] [2020-12-13T02:51:09.623Z] ----------------------------------------------------------------------
[debug] [2020-12-13T02:51:09.623Z] 
[debug] [2020-12-13T02:51:09.626Z] > command requires scopes: ["email","openid","https://www.googleapis.com/auth/cloudplatformprojects.readonly","https://www.googleapis.com/auth/firebase","https://www.googleapis.com/auth/cloud-platform"]
[debug] [2020-12-13T02:51:09.627Z] > authorizing via signed-in user
[info] 
     ######## #### ########  ######## ########     ###     ######  ########
     ##        ##  ##     ## ##       ##     ##  ##   ##  ##       ##
     ######    ##  ########  ######   ########  #########  ######  ######
     ##        ##  ##    ##  ##       ##     ## ##     ##       ## ##
     ##       #### ##     ## ######## ########  ##     ##  ######  ########

You're about to initialize a Firebase project in this directory:

  /Abhay's Drive/WEB/Apps/genuine-connections

Before we get started, keep in mind:

  * You are currently outside your home directory
  * You are initializing in an existing Firebase project directory

[debug] [2020-12-13T02:51:17.292Z] Error: write EIO
    at afterWriteDispatched (internal/stream_base_commons.js:154:25)
    at writeGeneric (internal/stream_base_commons.js:145:3)
    at WriteStream.Socket._writeGeneric (net.js:786:11)
    at WriteStream.Socket._write (net.js:798:8)
    at doWrite (_stream_writable.js:403:12)
    at writeOrBuffer (_stream_writable.js:387:5)
    at WriteStream.Writable.write (_stream_writable.js:318:11)
    at EventEmitter.signalExit.alwaysLast (/usr/local/lib/node_modules/firebase-tools/node_modules/restore-cursor/index.js:7:18)
    at EventEmitter.emit (events.js:315:20)
    at EventEmitter.emit (domain.js:483:12)
    at emit (/usr/local/lib/node_modules/firebase-tools/node_modules/signal-exit/index.js:78:11)
    at process.listener (/usr/local/lib/node_modules/firebase-tools/node_modules/signal-exit/index.js:94:7)
    at process.emit (events.js:315:20)
